<?xml version="1.0" encoding="UTF-8"?>
<!-- Generated by org.testng.reporters.JUnitXMLReporter -->
<testsuite hostname="DESKTOP-5N4OCH5" ignored="0" name="Surefire test" tests="13" failures="3" timestamp="02 Feb 2020 05:08:56 GMT" time="227.137" errors="0">
  <testcase name="createNewContactTest" time="2.666" classname="com.crm.qa.testcases.ContactsPageTest"/>
  <testcase name="createNewContactTest" time="2.82" classname="com.crm.qa.testcases.ContactsPageTest"/>
  <testcase name="createNewContactTest" time="2.598" classname="com.crm.qa.testcases.ContactsPageTest"/>
  <testcase name="createNewContactTest" time="3.156" classname="com.crm.qa.testcases.ContactsPageTest"/>
  <testcase name="validateExportButtonTest" time="0.076" classname="com.crm.qa.testcases.ContactsPageTest"/>
  <testcase name="validateNewButtonTest" time="0.136" classname="com.crm.qa.testcases.ContactsPageTest"/>
  <testcase name="validateShowFiltersButtonTest" time="0.111" classname="com.crm.qa.testcases.ContactsPageTest"/>
  <testcase name="clickOnContactsLinkTest" time="1.154" classname="com.crm.qa.testcases.HomePageTest">
    <failure type="java.lang.AssertionError" message="expected [https://ui.freecrm.com/contacts] but found [https://ui.cogmento.com/contacts]">
      <![CDATA[java.lang.AssertionError: expected [https://ui.freecrm.com/contacts] but found [https://ui.cogmento.com/contacts]
at com.crm.qa.testcases.HomePageTest.clickOnContactsLinkTest(HomePageTest.java:42)
... Removed 36 stack frames]]>
    </failure>
  </testcase> <!-- clickOnContactsLinkTest -->
  <testcase name="clickOnDealsLinkTest" time="1.239" classname="com.crm.qa.testcases.HomePageTest">
    <failure type="java.lang.AssertionError" message="expected [https://ui.freecrm.com/deals] but found [https://ui.cogmento.com/deals]">
      <![CDATA[java.lang.AssertionError: expected [https://ui.freecrm.com/deals] but found [https://ui.cogmento.com/deals]
at com.crm.qa.testcases.HomePageTest.clickOnDealsLinkTest(HomePageTest.java:48)
... Removed 36 stack frames]]>
    </failure>
  </testcase> <!-- clickOnDealsLinkTest -->
  <testcase name="userNameLabelTest" time="0.908" classname="com.crm.qa.testcases.HomePageTest"/>
  <testcase name="crmLogoImageTest" time="0.042" classname="com.crm.qa.testcases.LoginPageTest"/>
  <testcase name="loginPageTitleTest" time="0.019" classname="com.crm.qa.testcases.LoginPageTest">
    <failure type="java.lang.AssertionError" message="expected [Free CRM #1 cloud software for any business large or small] but found [Cogmento CRM and Business Cloud Solutions]">
      <![CDATA[java.lang.AssertionError: expected [Free CRM #1 cloud software for any business large or small] but found [Cogmento CRM and Business Cloud Solutions]
at com.crm.qa.testcases.LoginPageTest.loginPageTitleTest(LoginPageTest.java:41)
... Removed 36 stack frames]]>
    </failure>
  </testcase> <!-- loginPageTitleTest -->
  <testcase name="loginTest" time="2.375" classname="com.crm.qa.testcases.LoginPageTest"/>
</testsuite> <!-- Surefire test -->
