<?xml version="1.0" encoding="UTF-8"?>
<testng-results skipped="0" failed="3" ignored="0" total="13" passed="10">
  <reporter-output>
  </reporter-output>
  <suite name="Surefire suite" duration-ms="227137" started-at="2020-02-02T05:05:08Z" finished-at="2020-02-02T05:08:55Z">
    <groups>
    </groups>
    <test name="Surefire test" duration-ms="227137" started-at="2020-02-02T05:05:08Z" finished-at="2020-02-02T05:08:55Z">
      <class name="com.crm.qa.testcases.HomePageTest">
        <test-method status="PASS" signature="setUp()[pri:0, instance:com.crm.qa.testcases.HomePageTest@9ba398]" name="setUp" is-config="true" duration-ms="15413" started-at="2020-02-02T05:07:20Z" finished-at="2020-02-02T05:07:35Z">
          <reporter-output>
          </reporter-output>
        </test-method> <!-- setUp -->
        <test-method status="FAIL" signature="clickOnContactsLinkTest()[pri:0, instance:com.crm.qa.testcases.HomePageTest@9ba398]" name="clickOnContactsLinkTest" duration-ms="1154" started-at="2020-02-02T05:07:35Z" finished-at="2020-02-02T05:07:36Z">
          <exception class="java.lang.AssertionError">
            <message>
              <![CDATA[expected [https://ui.freecrm.com/contacts] but found [https://ui.cogmento.com/contacts]]]>
            </message>
            <full-stacktrace>
              <![CDATA[java.lang.AssertionError: expected [https://ui.freecrm.com/contacts] but found [https://ui.cogmento.com/contacts]
at org.testng.Assert.fail(Assert.java:96)
at org.testng.Assert.failNotEquals(Assert.java:776)
at org.testng.Assert.assertEqualsImpl(Assert.java:137)
at org.testng.Assert.assertEquals(Assert.java:118)
at org.testng.Assert.assertEquals(Assert.java:453)
at org.testng.Assert.assertEquals(Assert.java:463)
at com.crm.qa.testcases.HomePageTest.clickOnContactsLinkTest(HomePageTest.java:42)
at sun.reflect.NativeMethodAccessorImpl.invoke0(Native Method)
at sun.reflect.NativeMethodAccessorImpl.invoke(NativeMethodAccessorImpl.java:62)
at sun.reflect.DelegatingMethodAccessorImpl.invoke(DelegatingMethodAccessorImpl.java:43)
at java.lang.reflect.Method.invoke(Method.java:498)
at org.testng.internal.MethodInvocationHelper.invokeMethod(MethodInvocationHelper.java:124)
at org.testng.internal.Invoker.invokeMethod(Invoker.java:583)
at org.testng.internal.Invoker.invokeTestMethod(Invoker.java:719)
at org.testng.internal.Invoker.invokeTestMethods(Invoker.java:989)
at org.testng.internal.TestMethodWorker.invokeTestMethods(TestMethodWorker.java:125)
at org.testng.internal.TestMethodWorker.run(TestMethodWorker.java:109)
at org.testng.TestRunner.privateRun(TestRunner.java:648)
at org.testng.TestRunner.run(TestRunner.java:505)
at org.testng.SuiteRunner.runTest(SuiteRunner.java:455)
at org.testng.SuiteRunner.runSequentially(SuiteRunner.java:450)
at org.testng.SuiteRunner.privateRun(SuiteRunner.java:415)
at org.testng.SuiteRunner.run(SuiteRunner.java:364)
at org.testng.SuiteRunnerWorker.runSuite(SuiteRunnerWorker.java:52)
at org.testng.SuiteRunnerWorker.run(SuiteRunnerWorker.java:84)
at org.testng.TestNG.runSuitesSequentially(TestNG.java:1208)
at org.testng.TestNG.runSuitesLocally(TestNG.java:1137)
at org.testng.TestNG.runSuites(TestNG.java:1049)
at org.testng.TestNG.run(TestNG.java:1017)
at org.apache.maven.surefire.testng.TestNGExecutor.run(TestNGExecutor.java:135)
at org.apache.maven.surefire.testng.TestNGDirectoryTestSuite.executeMulti(TestNGDirectoryTestSuite.java:193)
at org.apache.maven.surefire.testng.TestNGDirectoryTestSuite.execute(TestNGDirectoryTestSuite.java:94)
at org.apache.maven.surefire.testng.TestNGProvider.invoke(TestNGProvider.java:146)
at org.apache.maven.surefire.booter.ForkedBooter.invokeProviderInSameClassLoader(ForkedBooter.java:384)
at org.apache.maven.surefire.booter.ForkedBooter.runSuitesInProcess(ForkedBooter.java:345)
at org.apache.maven.surefire.booter.ForkedBooter.execute(ForkedBooter.java:126)
at org.apache.maven.surefire.booter.ForkedBooter.main(ForkedBooter.java:418)
]]>
            </full-stacktrace>
          </exception> <!-- java.lang.AssertionError -->
          <reporter-output>
          </reporter-output>
        </test-method> <!-- clickOnContactsLinkTest -->
        <test-method status="PASS" signature="tearDown(org.testng.ITestResult)[pri:0, instance:com.crm.qa.testcases.HomePageTest@9ba398]" name="tearDown" is-config="true" duration-ms="1650" started-at="2020-02-02T05:07:36Z" finished-at="2020-02-02T05:07:38Z">
          <params>
            <param index="0">
              <value>
                <![CDATA[[TestResult name=clickOnContactsLinkTest status=FAILURE method=HomePageTest.clickOnContactsLinkTest()[pri:0, instance:com.crm.qa.testcases.HomePageTest@9ba398] output={null}]]]>
              </value>
            </param>
          </params>
          <reporter-output>
          </reporter-output>
        </test-method> <!-- tearDown -->
        <test-method status="PASS" signature="setUp()[pri:0, instance:com.crm.qa.testcases.HomePageTest@9ba398]" name="setUp" is-config="true" duration-ms="15761" started-at="2020-02-02T05:07:38Z" finished-at="2020-02-02T05:07:54Z">
          <reporter-output>
          </reporter-output>
        </test-method> <!-- setUp -->
        <test-method status="FAIL" signature="clickOnDealsLinkTest()[pri:0, instance:com.crm.qa.testcases.HomePageTest@9ba398]" name="clickOnDealsLinkTest" duration-ms="1239" started-at="2020-02-02T05:07:54Z" finished-at="2020-02-02T05:07:55Z">
          <exception class="java.lang.AssertionError">
            <message>
              <![CDATA[expected [https://ui.freecrm.com/deals] but found [https://ui.cogmento.com/deals]]]>
            </message>
            <full-stacktrace>
              <![CDATA[java.lang.AssertionError: expected [https://ui.freecrm.com/deals] but found [https://ui.cogmento.com/deals]
at org.testng.Assert.fail(Assert.java:96)
at org.testng.Assert.failNotEquals(Assert.java:776)
at org.testng.Assert.assertEqualsImpl(Assert.java:137)
at org.testng.Assert.assertEquals(Assert.java:118)
at org.testng.Assert.assertEquals(Assert.java:453)
at org.testng.Assert.assertEquals(Assert.java:463)
at com.crm.qa.testcases.HomePageTest.clickOnDealsLinkTest(HomePageTest.java:48)
at sun.reflect.NativeMethodAccessorImpl.invoke0(Native Method)
at sun.reflect.NativeMethodAccessorImpl.invoke(NativeMethodAccessorImpl.java:62)
at sun.reflect.DelegatingMethodAccessorImpl.invoke(DelegatingMethodAccessorImpl.java:43)
at java.lang.reflect.Method.invoke(Method.java:498)
at org.testng.internal.MethodInvocationHelper.invokeMethod(MethodInvocationHelper.java:124)
at org.testng.internal.Invoker.invokeMethod(Invoker.java:583)
at org.testng.internal.Invoker.invokeTestMethod(Invoker.java:719)
at org.testng.internal.Invoker.invokeTestMethods(Invoker.java:989)
at org.testng.internal.TestMethodWorker.invokeTestMethods(TestMethodWorker.java:125)
at org.testng.internal.TestMethodWorker.run(TestMethodWorker.java:109)
at org.testng.TestRunner.privateRun(TestRunner.java:648)
at org.testng.TestRunner.run(TestRunner.java:505)
at org.testng.SuiteRunner.runTest(SuiteRunner.java:455)
at org.testng.SuiteRunner.runSequentially(SuiteRunner.java:450)
at org.testng.SuiteRunner.privateRun(SuiteRunner.java:415)
at org.testng.SuiteRunner.run(SuiteRunner.java:364)
at org.testng.SuiteRunnerWorker.runSuite(SuiteRunnerWorker.java:52)
at org.testng.SuiteRunnerWorker.run(SuiteRunnerWorker.java:84)
at org.testng.TestNG.runSuitesSequentially(TestNG.java:1208)
at org.testng.TestNG.runSuitesLocally(TestNG.java:1137)
at org.testng.TestNG.runSuites(TestNG.java:1049)
at org.testng.TestNG.run(TestNG.java:1017)
at org.apache.maven.surefire.testng.TestNGExecutor.run(TestNGExecutor.java:135)
at org.apache.maven.surefire.testng.TestNGDirectoryTestSuite.executeMulti(TestNGDirectoryTestSuite.java:193)
at org.apache.maven.surefire.testng.TestNGDirectoryTestSuite.execute(TestNGDirectoryTestSuite.java:94)
at org.apache.maven.surefire.testng.TestNGProvider.invoke(TestNGProvider.java:146)
at org.apache.maven.surefire.booter.ForkedBooter.invokeProviderInSameClassLoader(ForkedBooter.java:384)
at org.apache.maven.surefire.booter.ForkedBooter.runSuitesInProcess(ForkedBooter.java:345)
at org.apache.maven.surefire.booter.ForkedBooter.execute(ForkedBooter.java:126)
at org.apache.maven.surefire.booter.ForkedBooter.main(ForkedBooter.java:418)
]]>
            </full-stacktrace>
          </exception> <!-- java.lang.AssertionError -->
          <reporter-output>
          </reporter-output>
        </test-method> <!-- clickOnDealsLinkTest -->
        <test-method status="PASS" signature="tearDown(org.testng.ITestResult)[pri:0, instance:com.crm.qa.testcases.HomePageTest@9ba398]" name="tearDown" is-config="true" duration-ms="1568" started-at="2020-02-02T05:07:55Z" finished-at="2020-02-02T05:07:56Z">
          <params>
            <param index="0">
              <value>
                <![CDATA[[TestResult name=clickOnDealsLinkTest status=FAILURE method=HomePageTest.clickOnDealsLinkTest()[pri:0, instance:com.crm.qa.testcases.HomePageTest@9ba398] output={null}]]]>
              </value>
            </param>
          </params>
          <reporter-output>
          </reporter-output>
        </test-method> <!-- tearDown -->
        <test-method status="PASS" signature="setUp()[pri:0, instance:com.crm.qa.testcases.HomePageTest@9ba398]" name="setUp" is-config="true" duration-ms="13420" started-at="2020-02-02T05:07:56Z" finished-at="2020-02-02T05:08:10Z">
          <reporter-output>
          </reporter-output>
        </test-method> <!-- setUp -->
        <test-method status="PASS" signature="userNameLabelTest()[pri:0, instance:com.crm.qa.testcases.HomePageTest@9ba398]" name="userNameLabelTest" duration-ms="908" started-at="2020-02-02T05:08:10Z" finished-at="2020-02-02T05:08:11Z">
          <reporter-output>
          </reporter-output>
        </test-method> <!-- userNameLabelTest -->
        <test-method status="PASS" signature="tearDown(org.testng.ITestResult)[pri:0, instance:com.crm.qa.testcases.HomePageTest@9ba398]" name="tearDown" is-config="true" duration-ms="749" started-at="2020-02-02T05:08:11Z" finished-at="2020-02-02T05:08:11Z">
          <params>
            <param index="0">
              <value>
                <![CDATA[[TestResult name=userNameLabelTest status=SUCCESS method=HomePageTest.userNameLabelTest()[pri:0, instance:com.crm.qa.testcases.HomePageTest@9ba398] output={null}]]]>
              </value>
            </param>
          </params>
          <reporter-output>
          </reporter-output>
        </test-method> <!-- tearDown -->
      </class> <!-- com.crm.qa.testcases.HomePageTest -->
      <class name="com.crm.qa.testcases.ContactsPageTest">
        <test-method status="PASS" signature="setUp()[pri:0, instance:com.crm.qa.testcases.ContactsPageTest@286778]" name="setUp" is-config="true" duration-ms="17203" started-at="2020-02-02T05:05:09Z" finished-at="2020-02-02T05:05:27Z">
          <reporter-output>
          </reporter-output>
        </test-method> <!-- setUp -->
        <test-method status="PASS" signature="createNewContactTest(java.lang.String, java.lang.String, java.lang.String)[pri:0, instance:com.crm.qa.testcases.ContactsPageTest@286778]" name="createNewContactTest" duration-ms="2666" started-at="2020-02-02T05:05:27Z" data-provider="readTestData" finished-at="2020-02-02T05:05:29Z">
          <params>
            <param index="0">
              <value>
                <![CDATA[David]]>
              </value>
            </param>
            <param index="1">
              <value>
                <![CDATA[Brown]]>
              </value>
            </param>
            <param index="2">
              <value>
                <![CDATA[Amazon]]>
              </value>
            </param>
          </params>
          <reporter-output>
          </reporter-output>
        </test-method> <!-- createNewContactTest -->
        <test-method status="PASS" signature="tearDown(org.testng.ITestResult)[pri:0, instance:com.crm.qa.testcases.ContactsPageTest@286778]" name="tearDown" is-config="true" duration-ms="754" started-at="2020-02-02T05:05:29Z" finished-at="2020-02-02T05:05:30Z">
          <params>
            <param index="0">
              <value>
                <![CDATA[[TestResult name=createNewContactTest status=SUCCESS method=ContactsPageTest.createNewContactTest(java.lang.String, java.lang.String, java.lang.String)[pri:0, instance:com.crm.qa.testcases.ContactsPageTest@286778] output={null}]]]>
              </value>
            </param>
          </params>
          <reporter-output>
          </reporter-output>
        </test-method> <!-- tearDown -->
        <test-method status="PASS" signature="setUp()[pri:0, instance:com.crm.qa.testcases.ContactsPageTest@286778]" name="setUp" is-config="true" duration-ms="15572" started-at="2020-02-02T05:05:30Z" finished-at="2020-02-02T05:05:46Z">
          <reporter-output>
          </reporter-output>
        </test-method> <!-- setUp -->
        <test-method status="PASS" signature="createNewContactTest(java.lang.String, java.lang.String, java.lang.String)[pri:0, instance:com.crm.qa.testcases.ContactsPageTest@286778]" name="createNewContactTest" duration-ms="2820" started-at="2020-02-02T05:05:46Z" data-provider="readTestData" finished-at="2020-02-02T05:05:48Z">
          <params>
            <param index="0">
              <value>
                <![CDATA[Abram]]>
              </value>
            </param>
            <param index="1">
              <value>
                <![CDATA[Black]]>
              </value>
            </param>
            <param index="2">
              <value>
                <![CDATA[Facebook]]>
              </value>
            </param>
          </params>
          <reporter-output>
          </reporter-output>
        </test-method> <!-- createNewContactTest -->
        <test-method status="PASS" signature="tearDown(org.testng.ITestResult)[pri:0, instance:com.crm.qa.testcases.ContactsPageTest@286778]" name="tearDown" is-config="true" duration-ms="778" started-at="2020-02-02T05:05:48Z" finished-at="2020-02-02T05:05:49Z">
          <params>
            <param index="0">
              <value>
                <![CDATA[[TestResult name=createNewContactTest status=SUCCESS method=ContactsPageTest.createNewContactTest(java.lang.String, java.lang.String, java.lang.String)[pri:0, instance:com.crm.qa.testcases.ContactsPageTest@286778] output={null}]]]>
              </value>
            </param>
          </params>
          <reporter-output>
          </reporter-output>
        </test-method> <!-- tearDown -->
        <test-method status="PASS" signature="setUp()[pri:0, instance:com.crm.qa.testcases.ContactsPageTest@286778]" name="setUp" is-config="true" duration-ms="18450" started-at="2020-02-02T05:05:49Z" finished-at="2020-02-02T05:06:08Z">
          <reporter-output>
          </reporter-output>
        </test-method> <!-- setUp -->
        <test-method status="PASS" signature="createNewContactTest(java.lang.String, java.lang.String, java.lang.String)[pri:0, instance:com.crm.qa.testcases.ContactsPageTest@286778]" name="createNewContactTest" duration-ms="2598" started-at="2020-02-02T05:06:08Z" data-provider="readTestData" finished-at="2020-02-02T05:06:10Z">
          <params>
            <param index="0">
              <value>
                <![CDATA[Bill]]>
              </value>
            </param>
            <param index="1">
              <value>
                <![CDATA[Gates]]>
              </value>
            </param>
            <param index="2">
              <value>
                <![CDATA[Micrsoft]]>
              </value>
            </param>
          </params>
          <reporter-output>
          </reporter-output>
        </test-method> <!-- createNewContactTest -->
        <test-method status="PASS" signature="tearDown(org.testng.ITestResult)[pri:0, instance:com.crm.qa.testcases.ContactsPageTest@286778]" name="tearDown" is-config="true" duration-ms="757" started-at="2020-02-02T05:06:10Z" finished-at="2020-02-02T05:06:11Z">
          <params>
            <param index="0">
              <value>
                <![CDATA[[TestResult name=createNewContactTest status=SUCCESS method=ContactsPageTest.createNewContactTest(java.lang.String, java.lang.String, java.lang.String)[pri:0, instance:com.crm.qa.testcases.ContactsPageTest@286778] output={null}]]]>
              </value>
            </param>
          </params>
          <reporter-output>
          </reporter-output>
        </test-method> <!-- tearDown -->
        <test-method status="PASS" signature="setUp()[pri:0, instance:com.crm.qa.testcases.ContactsPageTest@286778]" name="setUp" is-config="true" duration-ms="14508" started-at="2020-02-02T05:06:11Z" finished-at="2020-02-02T05:06:25Z">
          <reporter-output>
          </reporter-output>
        </test-method> <!-- setUp -->
        <test-method status="PASS" signature="createNewContactTest(java.lang.String, java.lang.String, java.lang.String)[pri:0, instance:com.crm.qa.testcases.ContactsPageTest@286778]" name="createNewContactTest" duration-ms="3156" started-at="2020-02-02T05:06:25Z" data-provider="readTestData" finished-at="2020-02-02T05:06:29Z">
          <params>
            <param index="0">
              <value>
                <![CDATA[Michael]]>
              </value>
            </param>
            <param index="1">
              <value>
                <![CDATA[Ponting]]>
              </value>
            </param>
            <param index="2">
              <value>
                <![CDATA[GE]]>
              </value>
            </param>
          </params>
          <reporter-output>
          </reporter-output>
        </test-method> <!-- createNewContactTest -->
        <test-method status="PASS" signature="tearDown(org.testng.ITestResult)[pri:0, instance:com.crm.qa.testcases.ContactsPageTest@286778]" name="tearDown" is-config="true" duration-ms="795" started-at="2020-02-02T05:06:29Z" finished-at="2020-02-02T05:06:29Z">
          <params>
            <param index="0">
              <value>
                <![CDATA[[TestResult name=createNewContactTest status=SUCCESS method=ContactsPageTest.createNewContactTest(java.lang.String, java.lang.String, java.lang.String)[pri:0, instance:com.crm.qa.testcases.ContactsPageTest@286778] output={null}]]]>
              </value>
            </param>
          </params>
          <reporter-output>
          </reporter-output>
        </test-method> <!-- tearDown -->
        <test-method status="PASS" signature="setUp()[pri:0, instance:com.crm.qa.testcases.ContactsPageTest@286778]" name="setUp" is-config="true" duration-ms="15230" started-at="2020-02-02T05:06:29Z" finished-at="2020-02-02T05:06:45Z">
          <reporter-output>
          </reporter-output>
        </test-method> <!-- setUp -->
        <test-method status="PASS" signature="validateExportButtonTest()[pri:0, instance:com.crm.qa.testcases.ContactsPageTest@286778]" name="validateExportButtonTest" duration-ms="76" started-at="2020-02-02T05:06:45Z" finished-at="2020-02-02T05:06:45Z">
          <reporter-output>
          </reporter-output>
        </test-method> <!-- validateExportButtonTest -->
        <test-method status="PASS" signature="tearDown(org.testng.ITestResult)[pri:0, instance:com.crm.qa.testcases.ContactsPageTest@286778]" name="tearDown" is-config="true" duration-ms="754" started-at="2020-02-02T05:06:45Z" finished-at="2020-02-02T05:06:45Z">
          <params>
            <param index="0">
              <value>
                <![CDATA[[TestResult name=validateExportButtonTest status=SUCCESS method=ContactsPageTest.validateExportButtonTest()[pri:0, instance:com.crm.qa.testcases.ContactsPageTest@286778] output={null}]]]>
              </value>
            </param>
          </params>
          <reporter-output>
          </reporter-output>
        </test-method> <!-- tearDown -->
        <test-method status="PASS" signature="setUp()[pri:0, instance:com.crm.qa.testcases.ContactsPageTest@286778]" name="setUp" is-config="true" duration-ms="15354" started-at="2020-02-02T05:06:45Z" finished-at="2020-02-02T05:07:01Z">
          <reporter-output>
          </reporter-output>
        </test-method> <!-- setUp -->
        <test-method status="PASS" signature="validateNewButtonTest()[pri:0, instance:com.crm.qa.testcases.ContactsPageTest@286778]" name="validateNewButtonTest" duration-ms="136" started-at="2020-02-02T05:07:01Z" finished-at="2020-02-02T05:07:01Z">
          <reporter-output>
          </reporter-output>
        </test-method> <!-- validateNewButtonTest -->
        <test-method status="PASS" signature="tearDown(org.testng.ITestResult)[pri:0, instance:com.crm.qa.testcases.ContactsPageTest@286778]" name="tearDown" is-config="true" duration-ms="764" started-at="2020-02-02T05:07:01Z" finished-at="2020-02-02T05:07:02Z">
          <params>
            <param index="0">
              <value>
                <![CDATA[[TestResult name=validateNewButtonTest status=SUCCESS method=ContactsPageTest.validateNewButtonTest()[pri:0, instance:com.crm.qa.testcases.ContactsPageTest@286778] output={null}]]]>
              </value>
            </param>
          </params>
          <reporter-output>
          </reporter-output>
        </test-method> <!-- tearDown -->
        <test-method status="PASS" signature="setUp()[pri:0, instance:com.crm.qa.testcases.ContactsPageTest@286778]" name="setUp" is-config="true" duration-ms="16956" started-at="2020-02-02T05:07:02Z" finished-at="2020-02-02T05:07:19Z">
          <reporter-output>
          </reporter-output>
        </test-method> <!-- setUp -->
        <test-method status="PASS" signature="validateShowFiltersButtonTest()[pri:0, instance:com.crm.qa.testcases.ContactsPageTest@286778]" name="validateShowFiltersButtonTest" duration-ms="111" started-at="2020-02-02T05:07:19Z" finished-at="2020-02-02T05:07:19Z">
          <reporter-output>
          </reporter-output>
        </test-method> <!-- validateShowFiltersButtonTest -->
        <test-method status="PASS" signature="tearDown(org.testng.ITestResult)[pri:0, instance:com.crm.qa.testcases.ContactsPageTest@286778]" name="tearDown" is-config="true" duration-ms="759" started-at="2020-02-02T05:07:19Z" finished-at="2020-02-02T05:07:20Z">
          <params>
            <param index="0">
              <value>
                <![CDATA[[TestResult name=validateShowFiltersButtonTest status=SUCCESS method=ContactsPageTest.validateShowFiltersButtonTest()[pri:0, instance:com.crm.qa.testcases.ContactsPageTest@286778] output={null}]]]>
              </value>
            </param>
          </params>
          <reporter-output>
          </reporter-output>
        </test-method> <!-- tearDown -->
      </class> <!-- com.crm.qa.testcases.ContactsPageTest -->
      <class name="com.crm.qa.testcases.LoginPageTest">
        <test-method status="PASS" signature="setUp()[pri:0, instance:com.crm.qa.testcases.LoginPageTest@17b4f4c]" name="setUp" is-config="true" duration-ms="12855" started-at="2020-02-02T05:08:11Z" finished-at="2020-02-02T05:08:24Z">
          <reporter-output>
          </reporter-output>
        </test-method> <!-- setUp -->
        <test-method status="PASS" signature="crmLogoImageTest()[pri:0, instance:com.crm.qa.testcases.LoginPageTest@17b4f4c]" name="crmLogoImageTest" duration-ms="42" started-at="2020-02-02T05:08:24Z" finished-at="2020-02-02T05:08:24Z">
          <reporter-output>
          </reporter-output>
        </test-method> <!-- crmLogoImageTest -->
        <test-method status="PASS" signature="tearDown(org.testng.ITestResult)[pri:0, instance:com.crm.qa.testcases.LoginPageTest@17b4f4c]" name="tearDown" is-config="true" duration-ms="954" started-at="2020-02-02T05:08:24Z" finished-at="2020-02-02T05:08:25Z">
          <params>
            <param index="0">
              <value>
                <![CDATA[[TestResult name=crmLogoImageTest status=SUCCESS method=LoginPageTest.crmLogoImageTest()[pri:0, instance:com.crm.qa.testcases.LoginPageTest@17b4f4c] output={null}]]]>
              </value>
            </param>
          </params>
          <reporter-output>
          </reporter-output>
        </test-method> <!-- tearDown -->
        <test-method status="PASS" signature="setUp()[pri:0, instance:com.crm.qa.testcases.LoginPageTest@17b4f4c]" name="setUp" is-config="true" duration-ms="11828" started-at="2020-02-02T05:08:25Z" finished-at="2020-02-02T05:08:37Z">
          <reporter-output>
          </reporter-output>
        </test-method> <!-- setUp -->
        <test-method status="FAIL" signature="loginPageTitleTest()[pri:0, instance:com.crm.qa.testcases.LoginPageTest@17b4f4c]" name="loginPageTitleTest" duration-ms="19" started-at="2020-02-02T05:08:37Z" finished-at="2020-02-02T05:08:37Z">
          <exception class="java.lang.AssertionError">
            <message>
              <![CDATA[expected [Free CRM #1 cloud software for any business large or small] but found [Cogmento CRM and Business Cloud Solutions]]]>
            </message>
            <full-stacktrace>
              <![CDATA[java.lang.AssertionError: expected [Free CRM #1 cloud software for any business large or small] but found [Cogmento CRM and Business Cloud Solutions]
at org.testng.Assert.fail(Assert.java:96)
at org.testng.Assert.failNotEquals(Assert.java:776)
at org.testng.Assert.assertEqualsImpl(Assert.java:137)
at org.testng.Assert.assertEquals(Assert.java:118)
at org.testng.Assert.assertEquals(Assert.java:453)
at org.testng.Assert.assertEquals(Assert.java:463)
at com.crm.qa.testcases.LoginPageTest.loginPageTitleTest(LoginPageTest.java:41)
at sun.reflect.NativeMethodAccessorImpl.invoke0(Native Method)
at sun.reflect.NativeMethodAccessorImpl.invoke(NativeMethodAccessorImpl.java:62)
at sun.reflect.DelegatingMethodAccessorImpl.invoke(DelegatingMethodAccessorImpl.java:43)
at java.lang.reflect.Method.invoke(Method.java:498)
at org.testng.internal.MethodInvocationHelper.invokeMethod(MethodInvocationHelper.java:124)
at org.testng.internal.Invoker.invokeMethod(Invoker.java:583)
at org.testng.internal.Invoker.invokeTestMethod(Invoker.java:719)
at org.testng.internal.Invoker.invokeTestMethods(Invoker.java:989)
at org.testng.internal.TestMethodWorker.invokeTestMethods(TestMethodWorker.java:125)
at org.testng.internal.TestMethodWorker.run(TestMethodWorker.java:109)
at org.testng.TestRunner.privateRun(TestRunner.java:648)
at org.testng.TestRunner.run(TestRunner.java:505)
at org.testng.SuiteRunner.runTest(SuiteRunner.java:455)
at org.testng.SuiteRunner.runSequentially(SuiteRunner.java:450)
at org.testng.SuiteRunner.privateRun(SuiteRunner.java:415)
at org.testng.SuiteRunner.run(SuiteRunner.java:364)
at org.testng.SuiteRunnerWorker.runSuite(SuiteRunnerWorker.java:52)
at org.testng.SuiteRunnerWorker.run(SuiteRunnerWorker.java:84)
at org.testng.TestNG.runSuitesSequentially(TestNG.java:1208)
at org.testng.TestNG.runSuitesLocally(TestNG.java:1137)
at org.testng.TestNG.runSuites(TestNG.java:1049)
at org.testng.TestNG.run(TestNG.java:1017)
at org.apache.maven.surefire.testng.TestNGExecutor.run(TestNGExecutor.java:135)
at org.apache.maven.surefire.testng.TestNGDirectoryTestSuite.executeMulti(TestNGDirectoryTestSuite.java:193)
at org.apache.maven.surefire.testng.TestNGDirectoryTestSuite.execute(TestNGDirectoryTestSuite.java:94)
at org.apache.maven.surefire.testng.TestNGProvider.invoke(TestNGProvider.java:146)
at org.apache.maven.surefire.booter.ForkedBooter.invokeProviderInSameClassLoader(ForkedBooter.java:384)
at org.apache.maven.surefire.booter.ForkedBooter.runSuitesInProcess(ForkedBooter.java:345)
at org.apache.maven.surefire.booter.ForkedBooter.execute(ForkedBooter.java:126)
at org.apache.maven.surefire.booter.ForkedBooter.main(ForkedBooter.java:418)
]]>
            </full-stacktrace>
          </exception> <!-- java.lang.AssertionError -->
          <reporter-output>
          </reporter-output>
        </test-method> <!-- loginPageTitleTest -->
        <test-method status="PASS" signature="tearDown(org.testng.ITestResult)[pri:0, instance:com.crm.qa.testcases.LoginPageTest@17b4f4c]" name="tearDown" is-config="true" duration-ms="1831" started-at="2020-02-02T05:08:37Z" finished-at="2020-02-02T05:08:39Z">
          <params>
            <param index="0">
              <value>
                <![CDATA[[TestResult name=loginPageTitleTest status=FAILURE method=LoginPageTest.loginPageTitleTest()[pri:0, instance:com.crm.qa.testcases.LoginPageTest@17b4f4c] output={null}]]]>
              </value>
            </param>
          </params>
          <reporter-output>
          </reporter-output>
        </test-method> <!-- tearDown -->
        <test-method status="PASS" signature="setUp()[pri:0, instance:com.crm.qa.testcases.LoginPageTest@17b4f4c]" name="setUp" is-config="true" duration-ms="13482" started-at="2020-02-02T05:08:39Z" finished-at="2020-02-02T05:08:52Z">
          <reporter-output>
          </reporter-output>
        </test-method> <!-- setUp -->
        <test-method status="PASS" signature="loginTest()[pri:0, instance:com.crm.qa.testcases.LoginPageTest@17b4f4c]" name="loginTest" duration-ms="2375" started-at="2020-02-02T05:08:52Z" finished-at="2020-02-02T05:08:55Z">
          <reporter-output>
          </reporter-output>
        </test-method> <!-- loginTest -->
        <test-method status="PASS" signature="tearDown(org.testng.ITestResult)[pri:0, instance:com.crm.qa.testcases.LoginPageTest@17b4f4c]" name="tearDown" is-config="true" duration-ms="696" started-at="2020-02-02T05:08:55Z" finished-at="2020-02-02T05:08:55Z">
          <params>
            <param index="0">
              <value>
                <![CDATA[[TestResult name=loginTest status=SUCCESS method=LoginPageTest.loginTest()[pri:0, instance:com.crm.qa.testcases.LoginPageTest@17b4f4c] output={null}]]]>
              </value>
            </param>
          </params>
          <reporter-output>
          </reporter-output>
        </test-method> <!-- tearDown -->
      </class> <!-- com.crm.qa.testcases.LoginPageTest -->
    </test> <!-- Surefire test -->
  </suite> <!-- Surefire suite -->
</testng-results>
